<?xml version="1.0" encoding="UTF-8"?>
<!-- Generated by org.testng.reporters.JUnitReportReporter -->
<testsuite hostname="Kelly" name="com.guoya.TestngCase_test" tests="1" failures="0" timestamp="5 Nov 2017 09:05:10 GMT" time="6.483" errors="0">
  <testcase name="testLogin" time="6.483" classname="com.guoya.TestngCase_test"/>
</testsuite> <!-- com.guoya.TestngCase_test -->
