<?xml version="1.0" encoding="UTF-8"?>
<!-- Generated by org.testng.reporters.JUnitReportReporter -->
<testsuite hostname="Kelly" name="com.guoyasoft.testcase_selenium" tests="1" failures="0" timestamp="5 Nov 2017 03:36:37 GMT" time="9.046" errors="0">
  <testcase name="testcase_selenium" time="9.046" classname="com.guoyasoft.testcase_selenium"/>
</testsuite> <!-- com.guoyasoft.testcase_selenium -->
